2023-05-05 00:40:06.617  INFO 9136 --- [main] c.p.s.l.SpringBootLoggingApplication     : Starting SpringBootLoggingApplication on jideyuedingdeMacBook-Pro.local with PID 9136 (/Users/jideyueding/learn/project/spring-boot-learn/spring-boot-logging/target/classes started by jideyueding in /Users/jideyueding/learn/project/spring-boot-learn/spring-boot-logging)
2023-05-05 00:40:06.621  INFO 9136 --- [main] c.p.s.l.SpringBootLoggingApplication     : No active profile set, falling back to default profiles: default
2023-05-05 00:40:07.664  INFO 9136 --- [main] o.s.b.w.embedded.tomcat.TomcatWebServer  : Tomcat initialized with port(s): 8080 (http)
2023-05-05 00:40:07.681  INFO 9136 --- [main] o.apache.catalina.core.StandardService   : Starting service [Tomcat]
2023-05-05 00:40:07.681  INFO 9136 --- [main] org.apache.catalina.core.StandardEngine  : Starting Servlet engine: [Apache Tomcat/9.0.16]
2023-05-05 00:40:07.688  INFO 9136 --- [main] o.a.catalina.core.AprLifecycleListener   : The APR based Apache Tomcat Native library which allows optimal performance in production environments was not found on the java.library.path: [/Users/jideyueding/Library/Java/Extensions:/Library/Java/Extensions:/Network/Library/Java/Extensions:/System/Library/Java/Extensions:/usr/lib/java:.]
2023-05-05 00:40:07.748  INFO 9136 --- [main] o.a.c.c.C.[Tomcat].[localhost].[/]       : Initializing Spring embedded WebApplicationContext
2023-05-05 00:40:07.748  INFO 9136 --- [main] o.s.web.context.ContextLoader            : Root WebApplicationContext: initialization completed in 1062 ms
2023-05-05 00:40:07.793 TRACE 9136 --- [main] c.p.springboot.logging.model.User        : 这是User-trace日志...
2023-05-05 00:40:07.794 DEBUG 9136 --- [main] c.p.springboot.logging.model.User        : 这是User-debug日志...
2023-05-05 00:40:07.795  INFO 9136 --- [main] c.p.springboot.logging.model.User        : 这是User-info日志...
2023-05-05 00:40:07.795  WARN 9136 --- [main] c.p.springboot.logging.model.User        : 这是User-warn日志...
2023-05-05 00:40:07.795 ERROR 9136 --- [main] c.p.springboot.logging.model.User        : 这是User-error日志...
2023-05-05 00:40:07.796  INFO 9136 --- [main] c.p.s.logging.service.UserService        : 这是UserService-info日志...
2023-05-05 00:40:07.796  WARN 9136 --- [main] c.p.s.logging.service.UserService        : 这是UserService-warn日志...
2023-05-05 00:40:07.796 ERROR 9136 --- [main] c.p.s.logging.service.UserService        : 这是UserService-error日志...
2023-05-05 00:40:08.004  INFO 9136 --- [main] o.s.s.concurrent.ThreadPoolTaskExecutor  : Initializing ExecutorService 'applicationTaskExecutor'
2023-05-05 00:40:08.132  INFO 9136 --- [main] o.s.b.w.embedded.tomcat.TomcatWebServer  : Tomcat started on port(s): 8080 (http) with context path ''
2023-05-05 00:40:08.135  INFO 9136 --- [main] c.p.s.l.SpringBootLoggingApplication     : Started SpringBootLoggingApplication in 1.939 seconds (JVM running for 2.521)
2023-05-05 00:40:54.351  INFO 9136 --- [Thread-6] o.s.s.concurrent.ThreadPoolTaskExecutor  : Shutting down ExecutorService 'applicationTaskExecutor'
2023-05-05 00:41:07.958  INFO 9163 --- [main] c.p.s.l.SpringBootLoggingApplication     : Starting SpringBootLoggingApplication on jideyuedingdeMacBook-Pro.local with PID 9163 (/Users/jideyueding/learn/project/spring-boot-learn/spring-boot-logging/target/classes started by jideyueding in /Users/jideyueding/learn/project/spring-boot-learn/spring-boot-logging)
2023-05-05 00:41:07.963  INFO 9163 --- [main] c.p.s.l.SpringBootLoggingApplication     : No active profile set, falling back to default profiles: default
2023-05-05 00:41:09.066  INFO 9163 --- [main] o.s.b.w.embedded.tomcat.TomcatWebServer  : Tomcat initialized with port(s): 8080 (http)
2023-05-05 00:41:09.098  INFO 9163 --- [main] o.apache.catalina.core.StandardService   : Starting service [Tomcat]
2023-05-05 00:41:09.099  INFO 9163 --- [main] org.apache.catalina.core.StandardEngine  : Starting Servlet engine: [Apache Tomcat/9.0.16]
2023-05-05 00:41:09.106  INFO 9163 --- [main] o.a.catalina.core.AprLifecycleListener   : The APR based Apache Tomcat Native library which allows optimal performance in production environments was not found on the java.library.path: [/Users/jideyueding/Library/Java/Extensions:/Library/Java/Extensions:/Network/Library/Java/Extensions:/System/Library/Java/Extensions:/usr/lib/java:.]
2023-05-05 00:41:09.200  INFO 9163 --- [main] o.a.c.c.C.[Tomcat].[localhost].[/]       : Initializing Spring embedded WebApplicationContext
2023-05-05 00:41:09.200  INFO 9163 --- [main] o.s.web.context.ContextLoader            : Root WebApplicationContext: initialization completed in 1162 ms
2023-05-05 00:41:09.243 TRACE 9163 --- [main] c.p.springboot.logging.model.User        : 这是User-trace日志...
2023-05-05 00:41:09.243 DEBUG 9163 --- [main] c.p.springboot.logging.model.User        : 这是User-debug日志...
2023-05-05 00:41:09.243  INFO 9163 --- [main] c.p.springboot.logging.model.User        : 这是User-info日志...
2023-05-05 00:41:09.244  WARN 9163 --- [main] c.p.springboot.logging.model.User        : 这是User-warn日志...
2023-05-05 00:41:09.244 ERROR 9163 --- [main] c.p.springboot.logging.model.User        : 这是User-error日志...
2023-05-05 00:41:09.244  INFO 9163 --- [main] c.p.s.logging.service.UserService        : 这是UserService-info日志...
2023-05-05 00:41:09.245  WARN 9163 --- [main] c.p.s.logging.service.UserService        : 这是UserService-warn日志...
2023-05-05 00:41:09.245 ERROR 9163 --- [main] c.p.s.logging.service.UserService        : 这是UserService-error日志...
2023-05-05 00:41:09.415  INFO 9163 --- [main] o.s.s.concurrent.ThreadPoolTaskExecutor  : Initializing ExecutorService 'applicationTaskExecutor'
2023-05-05 00:41:09.544  INFO 9163 --- [main] o.s.b.w.embedded.tomcat.TomcatWebServer  : Tomcat started on port(s): 8080 (http) with context path ''
2023-05-05 00:41:09.547  INFO 9163 --- [main] c.p.s.l.SpringBootLoggingApplication     : Started SpringBootLoggingApplication in 2.02 seconds (JVM running for 2.709)
2023-05-05 00:41:15.409  INFO 9163 --- [Thread-7] o.s.s.concurrent.ThreadPoolTaskExecutor  : Shutting down ExecutorService 'applicationTaskExecutor'
2023-05-05 00:41:17.400  INFO 9166 --- [main] c.p.s.l.SpringBootLoggingApplication     : Starting SpringBootLoggingApplication on jideyuedingdeMacBook-Pro.local with PID 9166 (/Users/jideyueding/learn/project/spring-boot-learn/spring-boot-logging/target/classes started by jideyueding in /Users/jideyueding/learn/project/spring-boot-learn/spring-boot-logging)
2023-05-05 00:41:17.404  INFO 9166 --- [main] c.p.s.l.SpringBootLoggingApplication     : No active profile set, falling back to default profiles: default
2023-05-05 00:41:18.297  INFO 9166 --- [main] o.s.b.w.embedded.tomcat.TomcatWebServer  : Tomcat initialized with port(s): 8080 (http)
2023-05-05 00:41:18.315  INFO 9166 --- [main] o.apache.catalina.core.StandardService   : Starting service [Tomcat]
2023-05-05 00:41:18.315  INFO 9166 --- [main] org.apache.catalina.core.StandardEngine  : Starting Servlet engine: [Apache Tomcat/9.0.16]
2023-05-05 00:41:18.321  INFO 9166 --- [main] o.a.catalina.core.AprLifecycleListener   : The APR based Apache Tomcat Native library which allows optimal performance in production environments was not found on the java.library.path: [/Users/jideyueding/Library/Java/Extensions:/Library/Java/Extensions:/Network/Library/Java/Extensions:/System/Library/Java/Extensions:/usr/lib/java:.]
2023-05-05 00:41:18.379  INFO 9166 --- [main] o.a.c.c.C.[Tomcat].[localhost].[/]       : Initializing Spring embedded WebApplicationContext
2023-05-05 00:41:18.379  INFO 9166 --- [main] o.s.web.context.ContextLoader            : Root WebApplicationContext: initialization completed in 929 ms
2023-05-05 00:41:18.417 TRACE 9166 --- [main] c.p.springboot.logging.model.User        : 这是User-trace日志...
2023-05-05 00:41:18.417 DEBUG 9166 --- [main] c.p.springboot.logging.model.User        : 这是User-debug日志...
2023-05-05 00:41:18.417  INFO 9166 --- [main] c.p.springboot.logging.model.User        : 这是User-info日志...
2023-05-05 00:41:18.417  WARN 9166 --- [main] c.p.springboot.logging.model.User        : 这是User-warn日志...
2023-05-05 00:41:18.417 ERROR 9166 --- [main] c.p.springboot.logging.model.User        : 这是User-error日志...
2023-05-05 00:41:18.418  INFO 9166 --- [main] c.p.s.logging.service.UserService        : 这是UserService-info日志...
2023-05-05 00:41:18.418  WARN 9166 --- [main] c.p.s.logging.service.UserService        : 这是UserService-warn日志...
2023-05-05 00:41:18.418 ERROR 9166 --- [main] c.p.s.logging.service.UserService        : 这是UserService-error日志...
2023-05-05 00:41:18.574  INFO 9166 --- [main] o.s.s.concurrent.ThreadPoolTaskExecutor  : Initializing ExecutorService 'applicationTaskExecutor'
2023-05-05 00:41:18.736  INFO 9166 --- [main] o.s.b.w.embedded.tomcat.TomcatWebServer  : Tomcat started on port(s): 8080 (http) with context path ''
2023-05-05 00:41:18.739  INFO 9166 --- [main] c.p.s.l.SpringBootLoggingApplication     : Started SpringBootLoggingApplication in 1.737 seconds (JVM running for 2.331)
2023-05-05 00:41:40.234  INFO 9166 --- [Thread-6] o.s.s.concurrent.ThreadPoolTaskExecutor  : Shutting down ExecutorService 'applicationTaskExecutor'
