2023-05-05 00:43:55.957  INFO 9261 --- [main] c.p.s.l.SpringBootLoggingApplication     : Starting SpringBootLoggingApplication on jideyuedingdeMacBook-Pro.local with PID 9261 (/Users/jideyueding/learn/project/spring-boot-learn/spring-boot-logging/target/classes started by jideyueding in /Users/jideyueding/learn/project/spring-boot-learn/spring-boot-logging)
2023-05-05 00:43:55.960  INFO 9261 --- [main] c.p.s.l.SpringBootLoggingApplication     : No active profile set, falling back to default profiles: default
2023-05-05 00:43:57.024  INFO 9261 --- [main] o.s.b.w.embedded.tomcat.TomcatWebServer  : Tomcat initialized with port(s): 8080 (http)
2023-05-05 00:43:57.046  INFO 9261 --- [main] o.apache.catalina.core.StandardService   : Starting service [Tomcat]
2023-05-05 00:43:57.048  INFO 9261 --- [main] org.apache.catalina.core.StandardEngine  : Starting Servlet engine: [Apache Tomcat/9.0.16]
2023-05-05 00:43:57.054  INFO 9261 --- [main] o.a.catalina.core.AprLifecycleListener   : The APR based Apache Tomcat Native library which allows optimal performance in production environments was not found on the java.library.path: [/Users/jideyueding/Library/Java/Extensions:/Library/Java/Extensions:/Network/Library/Java/Extensions:/System/Library/Java/Extensions:/usr/lib/java:.]
2023-05-05 00:43:57.129  INFO 9261 --- [main] o.a.c.c.C.[Tomcat].[localhost].[/]       : Initializing Spring embedded WebApplicationContext
2023-05-05 00:43:57.130  INFO 9261 --- [main] o.s.web.context.ContextLoader            : Root WebApplicationContext: initialization completed in 1124 ms
2023-05-05 00:43:57.196 TRACE 9261 --- [main] c.p.springboot.logging.model.User        : 这是User-trace日志...
2023-05-05 00:43:57.196 DEBUG 9261 --- [main] c.p.springboot.logging.model.User        : 这是User-debug日志...
2023-05-05 00:43:57.196  INFO 9261 --- [main] c.p.springboot.logging.model.User        : 这是User-info日志...
2023-05-05 00:43:57.197  WARN 9261 --- [main] c.p.springboot.logging.model.User        : 这是User-warn日志...
2023-05-05 00:43:57.198 ERROR 9261 --- [main] c.p.springboot.logging.model.User        : 这是User-error日志...
2023-05-05 00:43:57.202  INFO 9261 --- [main] c.p.s.logging.service.UserService        : 这是UserService-info日志...
2023-05-05 00:43:57.203  WARN 9261 --- [main] c.p.s.logging.service.UserService        : 这是UserService-warn日志...
2023-05-05 00:43:57.203 ERROR 9261 --- [main] c.p.s.logging.service.UserService        : 这是UserService-error日志...
2023-05-05 00:43:57.388  INFO 9261 --- [main] o.s.s.concurrent.ThreadPoolTaskExecutor  : Initializing ExecutorService 'applicationTaskExecutor'
2023-05-05 00:43:57.525  INFO 9261 --- [main] o.s.b.w.embedded.tomcat.TomcatWebServer  : Tomcat started on port(s): 8080 (http) with context path ''
2023-05-05 00:43:57.528  INFO 9261 --- [main] c.p.s.l.SpringBootLoggingApplication     : Started SpringBootLoggingApplication in 2.074 seconds (JVM running for 2.777)
2023-05-05 00:44:02.793  INFO 9261 --- [Thread-7] o.s.s.concurrent.ThreadPoolTaskExecutor  : Shutting down ExecutorService 'applicationTaskExecutor'
2023â05â05===[main]===%PARSER_ERROR[â5level]===c.p.s.logging.SpringBootLoggingApplication====Starting SpringBootLoggingApplication on jideyuedingdeMacBook-Pro.local with PID 9288 (/Users/jideyueding/learn/project/spring-boot-learn/spring-boot-logging/target/classes started by jideyueding in /Users/jideyueding/learn/project/spring-boot-learn/spring-boot-logging)
2023â05â05===[main]===%PARSER_ERROR[â5level]===c.p.s.logging.SpringBootLoggingApplication====No active profile set, falling back to default profiles: default
2023â05â05===[main]===%PARSER_ERROR[â5level]===o.s.boot.web.embedded.tomcat.TomcatWebServer====Tomcat initialized with port(s): 8080 (http)
2023â05â05===[main]===%PARSER_ERROR[â5level]===org.apache.catalina.core.StandardService====Starting service [Tomcat]
2023â05â05===[main]===%PARSER_ERROR[â5level]===org.apache.catalina.core.StandardEngine====Starting Servlet engine: [Apache Tomcat/9.0.16]
2023â05â05===[main]===%PARSER_ERROR[â5level]===org.apache.catalina.core.AprLifecycleListener====The APR based Apache Tomcat Native library which allows optimal performance in production environments was not found on the java.library.path: [/Users/jideyueding/Library/Java/Extensions:/Library/Java/Extensions:/Network/Library/Java/Extensions:/System/Library/Java/Extensions:/usr/lib/java:.]
2023â05â05===[main]===%PARSER_ERROR[â5level]===o.a.c.core.ContainerBase.[Tomcat].[localhost].[/]====Initializing Spring embedded WebApplicationContext
2023â05â05===[main]===%PARSER_ERROR[â5level]===org.springframework.web.context.ContextLoader====Root WebApplicationContext: initialization completed in 997 ms
2023â05â05===[main]===%PARSER_ERROR[â5level]===com.programmer.springboot.logging.model.User====这是User-trace日志...
2023â05â05===[main]===%PARSER_ERROR[â5level]===com.programmer.springboot.logging.model.User====这是User-debug日志...
2023â05â05===[main]===%PARSER_ERROR[â5level]===com.programmer.springboot.logging.model.User====这是User-info日志...
2023â05â05===[main]===%PARSER_ERROR[â5level]===com.programmer.springboot.logging.model.User====这是User-warn日志...
2023â05â05===[main]===%PARSER_ERROR[â5level]===com.programmer.springboot.logging.model.User====这是User-error日志...
2023â05â05===[main]===%PARSER_ERROR[â5level]===c.p.springboot.logging.service.UserService====这是UserService-info日志...
2023â05â05===[main]===%PARSER_ERROR[â5level]===c.p.springboot.logging.service.UserService====这是UserService-warn日志...
2023â05â05===[main]===%PARSER_ERROR[â5level]===c.p.springboot.logging.service.UserService====这是UserService-error日志...
2023â05â05===[main]===%PARSER_ERROR[â5level]===o.s.scheduling.concurrent.ThreadPoolTaskExecutor====Initializing ExecutorService 'applicationTaskExecutor'
2023â05â05===[main]===%PARSER_ERROR[â5level]===o.s.boot.web.embedded.tomcat.TomcatWebServer====Tomcat started on port(s): 8080 (http) with context path ''
2023â05â05===[main]===%PARSER_ERROR[â5level]===c.p.s.logging.SpringBootLoggingApplication====Started SpringBootLoggingApplication in 1.98 seconds (JVM running for 2.653)
